<?xml version="1.0" encoding="UTF-8"?>
<testng-results skipped="0" failed="0" total="1" passed="1">
  <reporter-output>
    <line>
      <![CDATA[Facebook Homepage Displays<br>]]>
    </line>
  </reporter-output>
  <suite name="Default suite" duration-ms="7262" started-at="2015-07-27T16:38:32Z" finished-at="2015-07-27T16:38:39Z">
    <groups>
    </groups>
    <test name="Default test" duration-ms="7262" started-at="2015-07-27T16:38:32Z" finished-at="2015-07-27T16:38:39Z">
      <class name="smoketests.AddAStatus">
        <test-method status="PASS" signature="testPostStatus()[pri:0, instance:smoketests.AddAStatus@2eae8e6e]" name="testPostStatus" duration-ms="7229" started-at="2015-07-27T12:38:32Z" finished-at="2015-07-27T12:38:39Z">
          <reporter-output>
            <line>
              <![CDATA[Facebook Homepage Displays<br>]]>
            </line>
          </reporter-output>
        </test-method> <!-- testPostStatus -->
        <test-method status="PASS" signature="FacebookLogout()[pri:0, instance:smoketests.AddAStatus@2eae8e6e]" name="FacebookLogout" is-config="true" duration-ms="22" started-at="2015-07-27T12:38:39Z" finished-at="2015-07-27T12:38:39Z">
          <reporter-output>
          </reporter-output>
        </test-method> <!-- FacebookLogout -->
      </class> <!-- smoketests.AddAStatus -->
    </test> <!-- Default test -->
  </suite> <!-- Default suite -->
</testng-results>
